Change Component Designator: OldDesignator=Level-Shifter1 NewDesignator=LS1
Added Component: Designator=C16(CAPC1005X55N)
Add component (AddParameter): Name = "Availability"; Value = "Unavailable"; VariantName = "[No Variations]"
Add component (AddParameter): Name = "MF"; Value = "{'manufacturer': u'TDK Electronics'}"; VariantName = "[No Variations]"
Add component (AddParameter): Name = "MP"; Value = "CGA2B3X7R1E104K050BB"; VariantName = "[No Variations]"
Add component (AddParameter): Name = "Package"; Value = "None"; VariantName = "[No Variations]"
Add component (AddParameter): Name = "Price"; Value = "None"; VariantName = "[No Variations]"
Add component (AddParameter): Name = "Value"; Value = ""; VariantName = "[No Variations]"
Added Component: Designator=C17(CAPC1005X55N)
Add component (AddParameter): Name = "Availability"; Value = "Unavailable"; VariantName = "[No Variations]"
Add component (AddParameter): Name = "MF"; Value = "{'manufacturer': u'TDK Electronics'}"; VariantName = "[No Variations]"
Add component (AddParameter): Name = "MP"; Value = "CGA2B3X7R1E104K050BB"; VariantName = "[No Variations]"
Add component (AddParameter): Name = "Package"; Value = "None"; VariantName = "[No Variations]"
Add component (AddParameter): Name = "Price"; Value = "None"; VariantName = "[No Variations]"
Add component (AddParameter): Name = "Value"; Value = ""; VariantName = "[No Variations]"
Added Component: Designator=LS2(SOP65P640X120-14N)
Add component (AddParameter): Name = "Availability"; Value = "Unavailable"; VariantName = "[No Variations]"
Add component (AddParameter): Name = "MF"; Value = "{'manufacturer': u'Texas Instruments'}"; VariantName = "[No Variations]"
Add component (AddParameter): Name = "MP"; Value = "TXS0104EPWRG4"; VariantName = "[No Variations]"
Add component (AddParameter): Name = "Package"; Value = "None"; VariantName = "[No Variations]"
Add component (AddParameter): Name = "Price"; Value = "None"; VariantName = "[No Variations]"
Add component (AddParameter): Name = "Value"; Value = ""; VariantName = "[No Variations]"
Added Pin To Net: NetName=3.3V Pin=C16-1
Added Pin To Net: NetName=GND Pin=C16-2
Added Pin To Net: NetName=NetC3_2 Pin=C17-1
Added Pin To Net: NetName=GND Pin=C17-2
Added Pin To Net: NetName=3.3V Pin=LS2-1
Added Pin To Net: NetName=GND Pin=LS2-7
Added Pin To Net: NetName=3.3V Pin=LS2-8
Added Pin To Net: NetName=NetC3_2 Pin=LS2-14
Added Pin To Net: NetName=Motor1ChA_5V Pin=LS2-13
Added Pin To Net: NetName=Motor1ChA_5V Pin=Motor1-5
Added Pin To Net: NetName=Motor1ChA_5V Pin=R12-2
Added Net: Name=Motor1ChA_5V
Added Pin To Net: NetName=Motor1ChA Pin=ESP32-3
Added Pin To Net: NetName=Motor1ChA Pin=LS2-2
Added Net: Name=Motor1ChA
Added Pin To Net: NetName=Motor1ChB_5V Pin=LS2-12
Added Pin To Net: NetName=Motor1ChB_5V Pin=Motor1-6
Added Pin To Net: NetName=Motor1ChB_5V Pin=R13-2
Added Net: Name=Motor1ChB_5V
Added Pin To Net: NetName=Motor1ChB Pin=ESP32-4
Added Pin To Net: NetName=Motor1ChB Pin=LS2-3
Added Net: Name=Motor1ChB
Added Pin To Net: NetName=Motor2ChA_5V Pin=LS2-11
Added Pin To Net: NetName=Motor2ChA_5V Pin=Motor2-5
Added Pin To Net: NetName=Motor2ChA_5V Pin=R14-2
Added Net: Name=Motor2ChA_5V
Added Pin To Net: NetName=Motor2ChA Pin=ESP32-27
Added Pin To Net: NetName=Motor2ChA Pin=LS2-4
Added Net: Name=Motor2ChA
Added Pin To Net: NetName=Motor2ChB_5V Pin=LS2-10
Added Pin To Net: NetName=Motor2ChB_5V Pin=Motor2-6
Added Pin To Net: NetName=Motor2ChB_5V Pin=R15-2
Added Net: Name=Motor2ChB_5V
Added Pin To Net: NetName=Motor2ChB Pin=ESP32-28
Added Pin To Net: NetName=Motor2ChB Pin=LS2-5
Added Net: Name=Motor2ChB
Added Member To Class: ClassName=BSc_skjemateikning Member=Component C16 CGA2B3X7R1E104K050BB
Added Member To Class: ClassName=BSc_skjemateikning Member=Component C17 CGA2B3X7R1E104K050BB
Added Member To Class: ClassName=BSc_skjemateikning Member=Component LS2 TXS0104EPWRG4
Added Member To Class: ClassName=BSc_skjemateikning Member=Component  USB Li-ion batterilader
Added Room: Name=BSc_skjemateikning
