Removed Pin From Net: NetName=IN4 Pin=-12
Removed Pin From Net: NetName=IN3 Pin=-13
Removed Pin From Net: NetName=D4 Pin=-14
Removed Pin From Net: NetName=D3 Pin=-15
Removed Pin From Net: NetName=IN2 Pin=-16
Removed Pin From Net: NetName=IN1 Pin=-17
Removed Pin From Net: NetName=D2 Pin=-18
Removed Pin From Net: NetName=D1 Pin=-20
Change Component Designator: OldDesignator= NewDesignator=Level-Shifter1
Added Pin To Net: NetName=D1 Pin=Level-Shifter1-1
Added Pin To Net: NetName=D2 Pin=Level-Shifter1-3
Added Pin To Net: NetName=IN1 Pin=Level-Shifter1-4
Added Pin To Net: NetName=IN2 Pin=Level-Shifter1-5
Added Pin To Net: NetName=D3 Pin=Level-Shifter1-6
Added Pin To Net: NetName=D4 Pin=Level-Shifter1-7
Added Pin To Net: NetName=IN3 Pin=Level-Shifter1-8
Added Pin To Net: NetName=IN4 Pin=Level-Shifter1-9
Change Net Name : Old Net Name=Net_19 New Net Name=NetC3_2
Added Pin To Net: NetName=B1 Pin=Level-Shifter1-20
Added Pin To Net: NetName=B1 Pin=MotorDriver2-18
Added Net: Name=B1
Added Pin To Net: NetName=B2 Pin=Level-Shifter1-18
Added Pin To Net: NetName=B2 Pin=MotorDriver2-13
Added Net: Name=B2
Added Pin To Net: NetName=B3 Pin=Level-Shifter1-17
Added Pin To Net: NetName=B3 Pin=MotorDriver2-3
Added Net: Name=B3
Added Pin To Net: NetName=B4 Pin=Level-Shifter1-16
Added Pin To Net: NetName=B4 Pin=MotorDriver2-19
Added Net: Name=B4
Added Pin To Net: NetName=B5 Pin=Level-Shifter1-15
Added Pin To Net: NetName=B5 Pin=MotorDriver1-18
Added Net: Name=B5
Added Pin To Net: NetName=B6 Pin=Level-Shifter1-14
Added Pin To Net: NetName=B6 Pin=MotorDriver1-13
Added Net: Name=B6
Added Pin To Net: NetName=B7 Pin=Level-Shifter1-13
Added Pin To Net: NetName=B7 Pin=MotorDriver1-3
Added Net: Name=B7
Added Pin To Net: NetName=B8 Pin=Level-Shifter1-12
Added Pin To Net: NetName=B8 Pin=MotorDriver1-19
Added Net: Name=B8
Added Member To Class: ClassName=BSc_skjemateikning Member=Component Level-Shifter1 TXS0108EPWR
Added Member To Class: ClassName=BSc_skjemateikning Member=Component  USB Li-ion batterilader
Added Room: Name=BSc_skjemateikning
