Change Component Comment : Designator=J? Old Comment=B6B-PH-K-S(LF)(SN) New Comment=
Change Component Comment : Designator=J? Old Comment=B6B-PH-K-S(LF)(SN) New Comment=
Change Component Comment : Designator=P? Old Comment=Header 8 New Comment=
Change Component Designator: OldDesignator=18650 batteri NewDesignator=18650 Batteri 1
Change Component Designator: OldDesignator=J? NewDesignator=Motor 1
Change Component Designator: OldDesignator=J? NewDesignator=Motor 2
Change Component Designator: OldDesignator=P? NewDesignator=MPU6050
Added Component: Designator=1860 Batteri 2(BAT_1043)
Add component (AddParameter): Name = "Availability"; Value = "Unavailable"; VariantName = "[No Variations]"
Add component (AddParameter): Name = "MF"; Value = "{'manufacturer': u'Keystone Electronics'}"; VariantName = "[No Variations]"
Add component (AddParameter): Name = "MP"; Value = "1043"; VariantName = "[No Variations]"
Add component (AddParameter): Name = "Package"; Value = "None"; VariantName = "[No Variations]"
Add component (AddParameter): Name = "Price"; Value = "None"; VariantName = "[No Variations]"
Add component (AddParameter): Name = "Value"; Value = ""; VariantName = "[No Variations]"
Added Component: Designator=18650 Batteri 3(BAT_1043)
Add component (AddParameter): Name = "Availability"; Value = "Unavailable"; VariantName = "[No Variations]"
Add component (AddParameter): Name = "MF"; Value = "{'manufacturer': u'Keystone Electronics'}"; VariantName = "[No Variations]"
Add component (AddParameter): Name = "MP"; Value = "1043"; VariantName = "[No Variations]"
Add component (AddParameter): Name = "Package"; Value = "None"; VariantName = "[No Variations]"
Add component (AddParameter): Name = "Price"; Value = "None"; VariantName = "[No Variations]"
Add component (AddParameter): Name = "Value"; Value = ""; VariantName = "[No Variations]"
Added Component: Designator=C1(CAPR5-4X5)
Add component (AddParameter): Name = "PackageDescription"; Value = "Capacitor; 2 Leads"; VariantName = "[No Variations]"
Add component (AddParameter): Name = "PackageReference"; Value = "CAPR5-4X5"; VariantName = "[No Variations]"
Add component (AddParameter): Name = "Published"; Value = "23-Sep-2002"; VariantName = "[No Variations]"
Add component (AddParameter): Name = "Publisher"; Value = "Altium Limited"; VariantName = "[No Variations]"
Add component (AddParameter): Name = "Value"; Value = "0.1uF"; VariantName = "[No Variations]"
Added Component: Designator=C1(WCAP-CSGP_885012210032)
Add component (AddParameter): Name = "Availability"; Value = "Unavailable"; VariantName = "[No Variations]"
Add component (AddParameter): Name = "MF"; Value = "{'manufacturer': u'Wurth Electronics Inc'}"; VariantName = "[No Variations]"
Add component (AddParameter): Name = "MP"; Value = "885012210032"; VariantName = "[No Variations]"
Add component (AddParameter): Name = "Package"; Value = "None"; VariantName = "[No Variations]"
Add component (AddParameter): Name = "Price"; Value = "None"; VariantName = "[No Variations]"
Add component (AddParameter): Name = "Value"; Value = ""; VariantName = "[No Variations]"
Added Component: Designator=C2(WCAP-CSGP_885012207072)
Add component (AddParameter): Name = "Availability"; Value = "Unavailable"; VariantName = "[No Variations]"
Add component (AddParameter): Name = "MF"; Value = "{'manufacturer': u'W\xfcrth Elektronik'}"; VariantName = "[No Variations]"
Add component (AddParameter): Name = "MP"; Value = "885012207072"; VariantName = "[No Variations]"
Add component (AddParameter): Name = "Package"; Value = "None"; VariantName = "[No Variations]"
Add component (AddParameter): Name = "Price"; Value = "None"; VariantName = "[No Variations]"
Add component (AddParameter): Name = "Value"; Value = ""; VariantName = "[No Variations]"
Added Component: Designator=C2(CAPR5-4X5)
Add component (AddParameter): Name = "PackageDescription"; Value = "Capacitor; 2 Leads"; VariantName = "[No Variations]"
Add component (AddParameter): Name = "PackageReference"; Value = "CAPR5-4X5"; VariantName = "[No Variations]"
Add component (AddParameter): Name = "Published"; Value = "23-Sep-2002"; VariantName = "[No Variations]"
Add component (AddParameter): Name = "Publisher"; Value = "Altium Limited"; VariantName = "[No Variations]"
Add component (AddParameter): Name = "Value"; Value = "0.1uF"; VariantName = "[No Variations]"
Added Component: Designator=C3(CAP_CGA6P3X7R1E226M250AE)
Add component (AddParameter): Name = "Availability"; Value = "Unavailable"; VariantName = "[No Variations]"
Add component (AddParameter): Name = "MF"; Value = "{'manufacturer': u'TDK Corporation'}"; VariantName = "[No Variations]"
Add component (AddParameter): Name = "MP"; Value = "CGA6P3X7R1E226M250AE"; VariantName = "[No Variations]"
Add component (AddParameter): Name = "Package"; Value = "None"; VariantName = "[No Variations]"
Add component (AddParameter): Name = "Price"; Value = "None"; VariantName = "[No Variations]"
Add component (AddParameter): Name = "Value"; Value = ""; VariantName = "[No Variations]"
Added Component: Designator=C4(CAP_CGA6P3X7R1E226M250AE)
Add component (AddParameter): Name = "Availability"; Value = "Unavailable"; VariantName = "[No Variations]"
Add component (AddParameter): Name = "MF"; Value = "{'manufacturer': u'TDK Corporation'}"; VariantName = "[No Variations]"
Add component (AddParameter): Name = "MP"; Value = "CGA6P3X7R1E226M250AE"; VariantName = "[No Variations]"
Add component (AddParameter): Name = "Package"; Value = "None"; VariantName = "[No Variations]"
Add component (AddParameter): Name = "Price"; Value = "None"; VariantName = "[No Variations]"
Add component (AddParameter): Name = "Value"; Value = ""; VariantName = "[No Variations]"
Added Component: Designator=C5(CAP_EEETQV470XAP)
Add component (AddParameter): Name = "Availability"; Value = "Unavailable"; VariantName = "[No Variations]"
Add component (AddParameter): Name = "MF"; Value = "{'manufacturer': u'Panasonic'}"; VariantName = "[No Variations]"
Add component (AddParameter): Name = "MP"; Value = "EEETQV470XAP"; VariantName = "[No Variations]"
Add component (AddParameter): Name = "Package"; Value = "None"; VariantName = "[No Variations]"
Add component (AddParameter): Name = "Price"; Value = "None"; VariantName = "[No Variations]"
Add component (AddParameter): Name = "Value"; Value = ""; VariantName = "[No Variations]"
Added Component: Designator=C6(CAP_EEETQV470XAP)
Add component (AddParameter): Name = "Availability"; Value = "Unavailable"; VariantName = "[No Variations]"
Add component (AddParameter): Name = "MF"; Value = "{'manufacturer': u'Panasonic'}"; VariantName = "[No Variations]"
Add component (AddParameter): Name = "MP"; Value = "EEETQV470XAP"; VariantName = "[No Variations]"
Add component (AddParameter): Name = "Package"; Value = "None"; VariantName = "[No Variations]"
Add component (AddParameter): Name = "Price"; Value = "None"; VariantName = "[No Variations]"
Add component (AddParameter): Name = "Value"; Value = ""; VariantName = "[No Variations]"
Added Component: Designator=C7(WCAP-CSGP_885012207125)
Add component (AddParameter): Name = "Availability"; Value = "Unavailable"; VariantName = "[No Variations]"
Add component (AddParameter): Name = "MF"; Value = "{'manufacturer': u'Wurth Electronics Inc'}"; VariantName = "[No Variations]"
Add component (AddParameter): Name = "MP"; Value = "885012207125"; VariantName = "[No Variations]"
Add component (AddParameter): Name = "Package"; Value = "None"; VariantName = "[No Variations]"
Add component (AddParameter): Name = "Price"; Value = "None"; VariantName = "[No Variations]"
Add component (AddParameter): Name = "Value"; Value = ""; VariantName = "[No Variations]"
Added Component: Designator=C8(WCAP-CSGP_885012207125)
Add component (AddParameter): Name = "Availability"; Value = "Unavailable"; VariantName = "[No Variations]"
Add component (AddParameter): Name = "MF"; Value = "{'manufacturer': u'Wurth Electronics Inc'}"; VariantName = "[No Variations]"
Add component (AddParameter): Name = "MP"; Value = "885012207125"; VariantName = "[No Variations]"
Add component (AddParameter): Name = "Package"; Value = "None"; VariantName = "[No Variations]"
Add component (AddParameter): Name = "Price"; Value = "None"; VariantName = "[No Variations]"
Add component (AddParameter): Name = "Value"; Value = ""; VariantName = "[No Variations]"
Added Component: Designator=L1(IND_AMPLA7050S-100MT)
Add component (AddParameter): Name = "Availability"; Value = "Unavailable"; VariantName = "[No Variations]"
Add component (AddParameter): Name = "MF"; Value = "{'manufacturer': u'Abracon Corporation'}"; VariantName = "[No Variations]"
Add component (AddParameter): Name = "MP"; Value = "AMPLA7050S-100MT"; VariantName = "[No Variations]"
Add component (AddParameter): Name = "Package"; Value = "None"; VariantName = "[No Variations]"
Add component (AddParameter): Name = "Price"; Value = "None"; VariantName = "[No Variations]"
Add component (AddParameter): Name = "Value"; Value = ""; VariantName = "[No Variations]"
Added Component: Designator=LMR51420(SOT95P280X110-6N)
Add component (AddParameter): Name = "Arrow Part Number"; Value = "LMR51420XDDCR"; VariantName = "[No Variations]"
Add component (AddParameter): Name = "Arrow Price/Stock"; Value = "https://www.arrow.com/en/products/lmr51420xddcr/texas-instruments?region=nac"; VariantName = "[No Variations]"
Add component (AddParameter): Name = "Datasheet Link"; Value = "https://www.ti.com/lit/ds/symlink/lmr51420.pdf?ts=1663231243064"; VariantName = "[No Variations]"
Add component (AddParameter): Name = "Height"; Value = "1.1mm"; VariantName = "[No Variations]"
Add component (AddParameter): Name = "Manufacturer_Name"; Value = "Texas Instruments"; VariantName = "[No Variations]"
Add component (AddParameter): Name = "Manufacturer_Part_Number"; Value = "LMR51420XDDCR"; VariantName = "[No Variations]"
Add component (AddParameter): Name = "Mouser Part Number"; Value = "595-LMR51420XDDCR"; VariantName = "[No Variations]"
Add component (AddParameter): Name = "Mouser Price/Stock"; Value = "https://www.mouser.co.uk/ProductDetail/Texas-Instruments/LMR51420XDDCR?qs=vvQtp7zwQdN6fBqQU4azxw%3D%3D"; VariantName = "[No Variations]"
Add component (AddParameter): Name = "Mouser Testing Part Number"; Value = ""; VariantName = "[No Variations]"
Add component (AddParameter): Name = "Mouser Testing Price/Stock"; Value = ""; VariantName = "[No Variations]"
Added Component: Designator=Motor Driver 1(SOIC127P1420X340-21N)
Add component (AddParameter): Name = "Availability"; Value = "Unavailable"; VariantName = "[No Variations]"
Add component (AddParameter): Name = "MF"; Value = "{'manufacturer': u'NXP USA'}"; VariantName = "[No Variations]"
Add component (AddParameter): Name = "MP"; Value = "MC33886PVW"; VariantName = "[No Variations]"
Add component (AddParameter): Name = "Package"; Value = "None"; VariantName = "[No Variations]"
Add component (AddParameter): Name = "Price"; Value = "None"; VariantName = "[No Variations]"
Add component (AddParameter): Name = "Value"; Value = ""; VariantName = "[No Variations]"
Added Component: Designator=Motor Driver 2(SOIC127P1420X340-21N)
Add component (AddParameter): Name = "Availability"; Value = "Unavailable"; VariantName = "[No Variations]"
Add component (AddParameter): Name = "MF"; Value = "{'manufacturer': u'NXP USA'}"; VariantName = "[No Variations]"
Add component (AddParameter): Name = "MP"; Value = "MC33886PVW"; VariantName = "[No Variations]"
Add component (AddParameter): Name = "Package"; Value = "None"; VariantName = "[No Variations]"
Add component (AddParameter): Name = "Price"; Value = "None"; VariantName = "[No Variations]"
Add component (AddParameter): Name = "Value"; Value = ""; VariantName = "[No Variations]"
Added Component: Designator=R1(AXIAL-0.3)
Add component (AddParameter): Name = "LatestRevisionDate"; Value = "17-Jul-2002"; VariantName = "[No Variations]"
Add component (AddParameter): Name = "LatestRevisionNote"; Value = "Re-released for DXP Platform."; VariantName = "[No Variations]"
Add component (AddParameter): Name = "PackageDescription"; Value = "Axial Device, Thru-Hole; 2 Leads; 0.3 in Pin Spacing"; VariantName = "[No Variations]"
Add component (AddParameter): Name = "PackageReference"; Value = "AXIAL-0.3"; VariantName = "[No Variations]"
Add component (AddParameter): Name = "Published"; Value = "8-Jun-2000"; VariantName = "[No Variations]"
Add component (AddParameter): Name = "Publisher"; Value = "Altium Limited"; VariantName = "[No Variations]"
Add component (AddParameter): Name = "Value"; Value = "4.7kO"; VariantName = "[No Variations]"
Added Component: Designator=R1(RES_ERJ14NF1372U)
Add component (AddParameter): Name = "Availability"; Value = "Unavailable"; VariantName = "[No Variations]"
Add component (AddParameter): Name = "MF"; Value = "{'manufacturer': u'Panasonic'}"; VariantName = "[No Variations]"
Add component (AddParameter): Name = "MP"; Value = "ERJ14NF1372U"; VariantName = "[No Variations]"
Add component (AddParameter): Name = "Package"; Value = "None"; VariantName = "[No Variations]"
Add component (AddParameter): Name = "Price"; Value = "None"; VariantName = "[No Variations]"
Add component (AddParameter): Name = "Value"; Value = ""; VariantName = "[No Variations]"
Added Component: Designator=R2(AXIAL-0.3)
Add component (AddParameter): Name = "LatestRevisionDate"; Value = "17-Jul-2002"; VariantName = "[No Variations]"
Add component (AddParameter): Name = "LatestRevisionNote"; Value = "Re-released for DXP Platform."; VariantName = "[No Variations]"
Add component (AddParameter): Name = "PackageDescription"; Value = "Axial Device, Thru-Hole; 2 Leads; 0.3 in Pin Spacing"; VariantName = "[No Variations]"
Add component (AddParameter): Name = "PackageReference"; Value = "AXIAL-0.3"; VariantName = "[No Variations]"
Add component (AddParameter): Name = "Published"; Value = "8-Jun-2000"; VariantName = "[No Variations]"
Add component (AddParameter): Name = "Publisher"; Value = "Altium Limited"; VariantName = "[No Variations]"
Add component (AddParameter): Name = "Value"; Value = "4.7kO"; VariantName = "[No Variations]"
Added Component: Designator=R2(RES_ERJP06D1003V)
Add component (AddParameter): Name = "Availability"; Value = "Unavailable"; VariantName = "[No Variations]"
Add component (AddParameter): Name = "MF"; Value = "{'manufacturer': u'Panasonic'}"; VariantName = "[No Variations]"
Add component (AddParameter): Name = "MP"; Value = "ERJP06D1003V"; VariantName = "[No Variations]"
Add component (AddParameter): Name = "Package"; Value = "None"; VariantName = "[No Variations]"
Add component (AddParameter): Name = "Price"; Value = "None"; VariantName = "[No Variations]"
Add component (AddParameter): Name = "Value"; Value = ""; VariantName = "[No Variations]"
Added Pin To Net: NetName=EN1 Pin=ESP32-37
Added Net: Name=EN1
Added Pin To Net: NetName=EN2 Pin=ESP32-36
Added Net: Name=EN2
Added Pin To Net: NetName=GND Pin=C1-1
Added Pin To Net: NetName=GND Pin=C1-1
Added Pin To Net: NetName=GND Pin=C2-1
Added Pin To Net: NetName=GND Pin=C3-1
Added Pin To Net: NetName=GND Pin=C4-1
Added Pin To Net: NetName=GND Pin=LMR51420-1
Added Pin To Net: NetName=GND Pin=Motor 1-4
Added Pin To Net: NetName=GND Pin=Motor 2-4
Added Pin To Net: NetName=GND Pin=R1-1
Added Net: Name=GND
Added Pin To Net: NetName=IN1 Pin=ESP32-10
Added Net: Name=IN1
Added Pin To Net: NetName=IN2 Pin=ESP32-11
Added Net: Name=IN2
Added Pin To Net: NetName=IN3 Pin=ESP32-15
Added Net: Name=IN3
Added Pin To Net: NetName=IN4 Pin=ESP32-33
Added Net: Name=IN4
Added Pin To Net: NetName=Motor 1 Channel A Pin=ESP32-31
Added Pin To Net: NetName=Motor 1 Channel A Pin=Motor 1-5
Added Net: Name=Motor 1 Channel A
Added Pin To Net: NetName=Motor 1 Channel B Pin=ESP32-30
Added Pin To Net: NetName=Motor 1 Channel B Pin=Motor 1-6
Added Net: Name=Motor 1 Channel B
Added Pin To Net: NetName=Motor 2 Channel A Pin=ESP32-28
Added Pin To Net: NetName=Motor 2 Channel A Pin=Motor 2-5
Added Net: Name=Motor 2 Channel A
Added Pin To Net: NetName=Motor 2 Channel B Pin=ESP32-27
Added Pin To Net: NetName=Motor 2 Channel B Pin=Motor 2-6
Added Net: Name=Motor 2 Channel B
Added Pin To Net: NetName=Net1860 Batteri 2_N Pin=1860 Batteri 2-N
Added Pin To Net: NetName=Net1860 Batteri 2_N Pin=18650 Batteri 3-P
Added Net: Name=Net1860 Batteri 2_N
Added Pin To Net: NetName=Net1860 Batteri 2_P Pin=1860 Batteri 2-P
Added Pin To Net: NetName=Net1860 Batteri 2_P Pin=18650 Batteri 1-N
Added Net: Name=Net1860 Batteri 2_P
Added Pin To Net: NetName=NetC1_2 Pin=C1-2
Added Pin To Net: NetName=NetC1_2 Pin=ESP32-19
Added Pin To Net: NetName=NetC1_2 Pin=Motor 1-3
Added Pin To Net: NetName=NetC1_2 Pin=Motor 2-3
Added Net: Name=NetC1_2
Add Net: Net with name "NetC1_2" already exists
Added Pin To Net: NetName=NetC2_1 Pin=C2-1
Added Pin To Net: NetName=NetC2_1 Pin=LMR51420-6
Added Net: Name=NetC2_1
Added Pin To Net: NetName=NetC2_2 Pin=C2-2
Added Pin To Net: NetName=NetC2_2 Pin=L1-1
Added Pin To Net: NetName=NetC2_2 Pin=LMR51420-2
Added Net: Name=NetC2_2
Added Pin To Net: NetName=NetC3_2 Pin=C3-2
Added Pin To Net: NetName=NetC3_2 Pin=C4-2
Added Pin To Net: NetName=NetC3_2 Pin=L1-2
Added Pin To Net: NetName=NetC3_2 Pin=R2-1
Added Net: Name=NetC3_2
Added Pin To Net: NetName=NetESP32_1 Pin=ESP32-1
Added Pin To Net: NetName=NetESP32_1 Pin=MPU6050-8
Added Pin To Net: NetName=NetESP32_1 Pin=R1-1
Added Pin To Net: NetName=NetESP32_1 Pin=R2-1
Added Net: Name=NetESP32_1
Added Pin To Net: NetName=NetESP32_7 Pin=ESP32-7
Added Pin To Net: NetName=NetESP32_7 Pin=MPU6050-6
Added Pin To Net: NetName=NetESP32_7 Pin=R1-2
Added Net: Name=NetESP32_7
Added Pin To Net: NetName=NetESP32_8 Pin=ESP32-8
Added Pin To Net: NetName=NetESP32_8 Pin=MPU6050-5
Added Pin To Net: NetName=NetESP32_8 Pin=R2-2
Added Net: Name=NetESP32_8
Added Pin To Net: NetName=NetESP32_14 Pin=ESP32-14
Added Pin To Net: NetName=NetESP32_14 Pin=MPU6050-7
Added Net: Name=NetESP32_14
Added Pin To Net: NetName=NetLMR51420_4 Pin=LMR51420-4
Added Pin To Net: NetName=NetLMR51420_4 Pin=R1-2
Added Pin To Net: NetName=NetLMR51420_4 Pin=R2-2
Added Net: Name=NetLMR51420_4
Added Member To Class: ClassName=BSc_skjemateikning Member=Component 1860 Batteri 2 1043
Added Member To Class: ClassName=BSc_skjemateikning Member=Component 18650 Batteri 3 1043
Added Member To Class: ClassName=BSc_skjemateikning Member=Component C1 Cap2
Added Member To Class: ClassName=BSc_skjemateikning Member=Component C1 885012210032
Added Member To Class: ClassName=BSc_skjemateikning Member=Component C2 885012207072
Added Member To Class: ClassName=BSc_skjemateikning Member=Component C2 Cap2
Added Member To Class: ClassName=BSc_skjemateikning Member=Component C3 CGA6P3X7R1E226M250AE
Added Member To Class: ClassName=BSc_skjemateikning Member=Component C4 CGA6P3X7R1E226M250AE
Added Member To Class: ClassName=BSc_skjemateikning Member=Component C5 EEETQV470XAP
Added Member To Class: ClassName=BSc_skjemateikning Member=Component C6 EEETQV470XAP
Added Member To Class: ClassName=BSc_skjemateikning Member=Component C7 885012207125
Added Member To Class: ClassName=BSc_skjemateikning Member=Component C8 885012207125
Added Member To Class: ClassName=BSc_skjemateikning Member=Component L1 AMPLA7050S-100MT
Added Member To Class: ClassName=BSc_skjemateikning Member=Component LMR51420 LMR51420XDDCR
Added Member To Class: ClassName=BSc_skjemateikning Member=Component Motor 2
Added Member To Class: ClassName=BSc_skjemateikning Member=Component Motor Driver 1 MC33886PVW
Added Member To Class: ClassName=BSc_skjemateikning Member=Component Motor Driver 2 MC33886PVW
Added Member To Class: ClassName=BSc_skjemateikning Member=Component R1 Res1
Added Member To Class: ClassName=BSc_skjemateikning Member=Component R1 ERJ14NF1372U
Added Member To Class: ClassName=BSc_skjemateikning Member=Component R2 Res1
Added Member To Class: ClassName=BSc_skjemateikning Member=Component R2 ERJP06D1003V
