Change Component Footprint: Designator=J? Old Footprint=691214110002S New Footprint=CUI_TB002-500-02BE
Change Component Comment : Designator=J? Old Comment=691214110002S New Comment=TB002-500-02BE
Change component parameters: Designator = "J?" ("J?"); Footprint = "691214110002S"; UniqueID = "\VWXSXEXE" ("\VWXSXEXE")
Change component parameters (AddParameter): Name = "Availability"; Value = "Unavailable"; VariantName = "[No Variations]"
Change component parameters (AddParameter): Name = "MF"; Value = "{'manufacturer': u'CUI Devices'}"; VariantName = "[No Variations]"
Change component parameters (AddParameter): Name = "MP"; Value = "TB002-500-02BE"; VariantName = "[No Variations]"
Change component parameters (AddParameter): Name = "Package"; Value = "None"; VariantName = "[No Variations]"
Change component parameters (AddParameter): Name = "Price"; Value = "None"; VariantName = "[No Variations]"
Change component parameters (AddParameter): Name = "Value"; Value = ""; VariantName = "[No Variations]"
Added Component: Designator=J?(CUI_TB002-500-02BE)
Add component (AddParameter): Name = "Availability"; Value = "Unavailable"; VariantName = "[No Variations]"
Add component (AddParameter): Name = "MF"; Value = "{'manufacturer': u'CUI Devices'}"; VariantName = "[No Variations]"
Add component (AddParameter): Name = "MP"; Value = "TB002-500-02BE"; VariantName = "[No Variations]"
Add component (AddParameter): Name = "Package"; Value = "None"; VariantName = "[No Variations]"
Add component (AddParameter): Name = "Price"; Value = "None"; VariantName = "[No Variations]"
Add component (AddParameter): Name = "Value"; Value = ""; VariantName = "[No Variations]"
Added Component: Designator=J?(CUI_TB002-500-02BE)
Add component (AddParameter): Name = "Availability"; Value = "Unavailable"; VariantName = "[No Variations]"
Add component (AddParameter): Name = "MF"; Value = "{'manufacturer': u'CUI Devices'}"; VariantName = "[No Variations]"
Add component (AddParameter): Name = "MP"; Value = "TB002-500-02BE"; VariantName = "[No Variations]"
Add component (AddParameter): Name = "Package"; Value = "None"; VariantName = "[No Variations]"
Add component (AddParameter): Name = "Price"; Value = "None"; VariantName = "[No Variations]"
Add component (AddParameter): Name = "Value"; Value = ""; VariantName = "[No Variations]"
Added Component: Designator=J?(CUI_TB002-500-02BE)
Add component (AddParameter): Name = "Availability"; Value = "Unavailable"; VariantName = "[No Variations]"
Add component (AddParameter): Name = "MF"; Value = "{'manufacturer': u'CUI Devices'}"; VariantName = "[No Variations]"
Add component (AddParameter): Name = "MP"; Value = "TB002-500-02BE"; VariantName = "[No Variations]"
Add component (AddParameter): Name = "Package"; Value = "None"; VariantName = "[No Variations]"
Add component (AddParameter): Name = "Price"; Value = "None"; VariantName = "[No Variations]"
Add component (AddParameter): Name = "Value"; Value = ""; VariantName = "[No Variations]"
Added Member To Class: ClassName=BSc_skjemateikning Member=Component J? TB002-500-02BE
Added Member To Class: ClassName=BSc_skjemateikning Member=Component J? TB002-500-02BE
Added Member To Class: ClassName=BSc_skjemateikning Member=Component J? TB002-500-02BE
Added Member To Class: ClassName=BSc_skjemateikning Member=Component R1 Res1
Added Member To Class: ClassName=BSc_skjemateikning Member=Component R2 Res1
