Removed Pin From Net: NetName=GND Pin=C1-1
Remove Pin from Net: Failed to remove Pin
Removed Pin From Net: NetName=GND Pin=C2-1
Change Component Designator: OldDesignator=C5 NewDesignator=C6
Change Component Designator: OldDesignator=C6 NewDesignator=C7
Change Component Designator: OldDesignator=C7 NewDesignator=C8
Change Component Designator: OldDesignator=C8 NewDesignator=C9
Added Component: Designator=C5(CAPC1005X55N)
Add component (AddParameter): Name = "Availability"; Value = "Unavailable"; VariantName = "[No Variations]"
Add component (AddParameter): Name = "MF"; Value = "{'manufacturer': u'TDK Electronics'}"; VariantName = "[No Variations]"
Add component (AddParameter): Name = "MP"; Value = "CGA2B3X7R1E104K050BB"; VariantName = "[No Variations]"
Add component (AddParameter): Name = "Package"; Value = "None"; VariantName = "[No Variations]"
Add component (AddParameter): Name = "Price"; Value = "None"; VariantName = "[No Variations]"
Add component (AddParameter): Name = "Value"; Value = ""; VariantName = "[No Variations]"
Added Component: Designator=C10(CAPC1005X55N)
Add component (AddParameter): Name = "Availability"; Value = "Unavailable"; VariantName = "[No Variations]"
Add component (AddParameter): Name = "MF"; Value = "{'manufacturer': u'TDK Electronics'}"; VariantName = "[No Variations]"
Add component (AddParameter): Name = "MP"; Value = "CGA2B3X7R1E104K050BB"; VariantName = "[No Variations]"
Add component (AddParameter): Name = "Package"; Value = "None"; VariantName = "[No Variations]"
Add component (AddParameter): Name = "Price"; Value = "None"; VariantName = "[No Variations]"
Add component (AddParameter): Name = "Value"; Value = ""; VariantName = "[No Variations]"
Added Component: Designator=C11(CAPC1005X55N)
Add component (AddParameter): Name = "Availability"; Value = "Unavailable"; VariantName = "[No Variations]"
Add component (AddParameter): Name = "MF"; Value = "{'manufacturer': u'TDK Electronics'}"; VariantName = "[No Variations]"
Add component (AddParameter): Name = "MP"; Value = "CGA2B3X7R1E104K050BB"; VariantName = "[No Variations]"
Add component (AddParameter): Name = "Package"; Value = "None"; VariantName = "[No Variations]"
Add component (AddParameter): Name = "Price"; Value = "None"; VariantName = "[No Variations]"
Add component (AddParameter): Name = "Value"; Value = ""; VariantName = "[No Variations]"
Added Pin To Net: NetName=GND Pin=C5-2
Change Net Name : Old Net Name=NetC1_2 New Net Name=NetESP32_19
Added Pin To Net: NetName=NetC1_2 Pin=C1-2
Added Pin To Net: NetName=NetC1_2 Pin=C5-1
Added Pin To Net: NetName=NetC1_2 Pin=LMR51420-3
Added Pin To Net: NetName=NetC1_2 Pin=LMR51420-5
Added Net: Name=NetC1_2
Added Pin To Net: NetName=NetMotor 1_1 Pin=Motor 1-1
Added Pin To Net: NetName=NetMotor 1_1 Pin=Motor Driver 1-6
Added Pin To Net: NetName=NetMotor 1_1 Pin=Motor Driver 1-7
Added Net: Name=NetMotor 1_1
Added Pin To Net: NetName=NetMotor 1_2 Pin=Motor 1-2
Added Pin To Net: NetName=NetMotor 1_2 Pin=Motor Driver 1-14
Added Pin To Net: NetName=NetMotor 1_2 Pin=Motor Driver 1-15
Added Net: Name=NetMotor 1_2
Added Pin To Net: NetName=NetMotor 2_1 Pin=Motor 2-1
Added Pin To Net: NetName=NetMotor 2_1 Pin=Motor Driver 2-6
Added Pin To Net: NetName=NetMotor 2_1 Pin=Motor Driver 2-7
Added Net: Name=NetMotor 2_1
Added Pin To Net: NetName=NetMotor 2_2 Pin=Motor 2-2
Added Pin To Net: NetName=NetMotor 2_2 Pin=Motor Driver 2-14
Added Pin To Net: NetName=NetMotor 2_2 Pin=Motor Driver 2-15
Added Net: Name=NetMotor 2_2
Added Member To Class: ClassName=BSc_skjemateikning Member=Component C9 885012207125
Added Member To Class: ClassName=BSc_skjemateikning Member=Component C10 CGA2B3X7R1E104K050BB
Added Member To Class: ClassName=BSc_skjemateikning Member=Component C11 CGA2B3X7R1E104K050BB
Added Member To Class: ClassName=BSc_skjemateikning Member=Component Motor 1
Added Member To Class: ClassName=BSc_skjemateikning Member=Component R1 Res1
Added Member To Class: ClassName=BSc_skjemateikning Member=Component R2 Res1
Added Room: Name=BSc_skjemateikning
